========================================================================
GLOBAL NORMALIZATION EXPERIMENT
========================================================================
Project root:  /home/sperrotta/ecg_autoencoder_project
Processed dir: /storage/internal_02/sperrotta-data/datasets/processed
Output file:   /home/sperrotta/ecg_autoencoder_project/results/global_normalization_experiment.json

Loading raw, unnormalized beats...
Loaded beats:       105,909
Beat length:        360
Normal beats:       90,320
Anomalous beats:    15,589
Unique records:     45

Creating raw random split before normalization...
Creating raw inter-patient split before normalization...
Using device: cuda

========================================================================
Training split: random
========================================================================
Training samples: 72,256
Test samples:     33,653
Global mean:      -0.3486202365
Global std:       0.4333013348

    Epoch 20/100 - Loss: 0.003865
    Epoch 40/100 - Loss: 0.002661
    Epoch 60/100 - Loss: 0.001503
    Epoch 80/100 - Loss: 0.001192
    Epoch 100/100 - Loss: 0.001170

Result for random
  Forward AUC:  0.6850
  Reversed AUC: 0.3150
  Precision:    0.6403
  Recall:       0.6590
  F1:           0.6495
  Mean error difference (anomalous - normal): 0.00026846

========================================================================
Training split: interpatient
========================================================================
Training samples: 45,841
Test samples:     51,143
Global mean:      -0.4195560067
Global std:       0.4502130157

    Epoch 20/100 - Loss: 0.006045
    Epoch 40/100 - Loss: 0.004141
    Epoch 60/100 - Loss: 0.002691
    Epoch 80/100 - Loss: 0.002330
    Epoch 100/100 - Loss: 0.001825

Result for interpatient
  Forward AUC:  0.6458
  Reversed AUC: 0.3542
  Precision:    0.2433
  Recall:       0.5268
  F1:           0.3328
  Mean error difference (anomalous - normal): 0.00026950

========================================================================
FINAL COMPARISON
========================================================================
Random AUC:                    0.6850
Inter-patient AUC:             0.6458
Random minus inter-patient:    +0.0392
AUC > 0.5 for both splits:    True
Gap in expected direction:    True
Global candidate successful:  True

Saved complete output to:
/home/sperrotta/ecg_autoencoder_project/results/global_normalization_experiment.json
